[2026-03-31T10:21:42.828Z] GET http://localhost:8080/pipeline.html → 200 (4ms, 14466B)
[2026-03-31T10:21:42.838Z] GET https://cdn.tailwindcss.com/?plugins=forms,container-queries → 302 (63ms, ?B)
[2026-03-31T10:21:42.838Z] GET https://fonts.googleapis.com/css2?family=Frank+Ruhl+Libre:wght@700;800&family=Figtree:wght@400;500;600;700&family=Roboto:wght@400;500&family=Newsreader:opsz,wght@6..72,400;700&family=Inter:wght@400;500&display=swap → pending (?ms, ?B)
[2026-03-31T10:21:42.838Z] GET https://fonts.googleapis.com/css2?family=Material+Symbols+Outlined:wght,FILL@100..700,0..1&display=swap → 200 (68ms, 693B)
[2026-03-31T10:21:42.901Z] GET https://cdn.tailwindcss.com/3.4.17?plugins=forms@0.5.10,container-queries@0.1.1 → 200 (28ms, 418973B)
[2026-03-31T10:21:43.010Z] GET https://fonts.gstatic.com/s/materialsymbolsoutlined/v322/kJEPBvYX7BgnkSrUwT8OhrdQw4oELdPIeeII9v6oDMzBwG-RpA6RzaxHMPdY40KH8nGzv3fzfVJO1USv9ls.woff2 → 200 (176ms, 1104576B)
[2026-03-31T10:21:43.012Z] GET http://localhost:8080/api/leads → 200 (1ms, 2940B)
[2026-03-31T10:21:53.001Z] GET http://localhost:8080/api/leads → 200 (1ms, 2940B)
[2026-03-31T10:22:03.002Z] GET http://localhost:8080/api/leads → 200 (?ms, 2940B)
[2026-03-31T10:22:13.005Z] GET http://localhost:8080/api/leads → 200 (1ms, 2940B)
[2026-03-31T10:22:15.229Z] GET http://localhost:8080/dashboard.html → 200 (?ms, 18296B)
[2026-03-31T10:22:15.232Z] GET https://cdn.tailwindcss.com/?plugins=forms,container-queries → 200 (1ms, 418973B)
[2026-03-31T10:22:15.233Z] GET https://fonts.googleapis.com/css2?family=Frank+Ruhl+Libre:wght@700;800&family=Figtree:wght@400;500;600;700&family=Roboto:wght@400;500&family=Newsreader:opsz,wght@6..72,400;700&family=Inter:wght@400;500&display=swap → pending (?ms, ?B)
[2026-03-31T10:22:15.233Z] GET https://fonts.googleapis.com/css2?family=Material+Symbols+Outlined:wght,FILL@100..700,0..1&display=swap → 200 (?ms, 693B)
[2026-03-31T10:22:15.233Z] GET https://lh3.googleusercontent.com/aida-public/AB6AXuByLL0iSwO2djdrG8E7Y_YoYXaIWAmMHS5AIxfdoOM5ZU4FG9o_pzNpfHjLeryl90vsiE0dsEB9_DA6tEN-nCPLavU9Q2PNY9BWV3sUXH3ELc9A5L35POPAhdvyBKEVwH_vQcNlrXWBC-_Nw2EzB24hMC6JV4R51Nl-OkcpXHWS4RPJltKfZfPAnMVdzMOM_cTt65kK-8KLWCfJ8-VpXavamNpMHni7UmAxJL337NVjOWcgXt51DnK66kVq0JI8IyuPkl1xbr46kHd3 → pending (?ms, ?B)
[2026-03-31T10:22:15.286Z] GET https://fonts.gstatic.com/s/materialsymbolsoutlined/v322/kJEPBvYX7BgnkSrUwT8OhrdQw4oELdPIeeII9v6oDMzBwG-RpA6RzaxHMPdY40KH8nGzv3fzfVJO1USv9ls.woff2 → 200 (1ms, ?B)
[2026-03-31T10:22:15.287Z] GET http://localhost:8080/api/dashboard → 200 (?ms, 272B)
[2026-03-31T10:22:15.287Z] GET http://localhost:8080/api/appointments → 200 (?ms, 2735B)
[2026-03-31T10:22:15.455Z] GET http://localhost:8080/catalog.html → 200 (1ms, 14953B)
[2026-03-31T10:22:15.458Z] GET https://fonts.googleapis.com/css2?family=Frank+Ruhl+Libre:wght@700&family=Figtree:wght@300;400;500;600;700&family=Roboto:wght@400;500&family=Material+Symbols+Outlined:wght,FILL@100..700,0..1&display=swap → 200 (19ms, 17506B)
[2026-03-31T10:22:15.458Z] GET https://fonts.googleapis.com/css2?family=Material+Symbols+Outlined:wght,FILL@100..700,0..1&display=swap → 200 (?ms, 693B)
[2026-03-31T10:22:15.458Z] GET https://cdn.tailwindcss.com/?plugins=forms,container-queries → 200 (?ms, 418973B)
[2026-03-31T10:22:15.504Z] GET https://fonts.gstatic.com/s/materialsymbolsoutlined/v322/kJEPBvYX7BgnkSrUwT8OhrdQw4oELdPIeeII9v6oDMzBwG-RpA6RzaxHMPdY40KH8nGzv3fzfVJO1USv9ls.woff2 → 200 (?ms, ?B)
[2026-03-31T10:22:15.504Z] GET https://fonts.gstatic.com/s/frankruhllibre/v23/j8_96_fAw7jrcalD7oKYNX0QfAnPcbzNEEB7OoicBw4iZmqXNRVUFFR-398.woff2 → 200 (15ms, 15520B)
[2026-03-31T10:22:15.504Z] GET https://fonts.gstatic.com/s/figtree/v9/_Xms-HUzqDCFdgfMm4S9DaRvzig.woff2 → 200 (15ms, 20184B)
[2026-03-31T10:22:15.509Z] GET http://localhost:8080/api/products → 200 (2ms, 3945B)
[2026-03-31T10:22:15.518Z] GET https://lh3.googleusercontent.com/aida-public/AB6AXuCDPCV7CyjyYBxJln2S9kU5NU8zNpu_MVcQpF8neK2Jjoc0JXzRicTfqG9s_Imvo44HVSufjb57J-kv2r4foMkEP0ZcM-7QanxIAL8dUUqR7PYSUYtsx1IVZWb_Nybo2qSHrSVjttwrSDZP8fRRSZXabrR17bZ5QXTMFs8fkE1KaujCZMu0piRbre3bE4fk8hZHs09raRhqwmtuLaCuctxahPMpQwkXS87Z-ajQP0Gp3xq1PMm5hHxLbE-FpmiwoNthYW5oPny8hCQe → 200 (22ms, 371185B)
[2026-03-31T10:22:15.518Z] GET https://lh3.googleusercontent.com/aida-public/AB6AXuAPHqQCYqCKorqSoC5i5IVvMeUzGobfb2OAeiqwDrroBm2318h4EhLGHcOhQd3GHHXM9W8YhjaeVNwNpC0bKOUMrbxeYZcZ6lt-FNbV542ValaJ6cwR-nscR_E8TlPnMmElAVTggZ2Pur9651wTliFnYfFHMDTnQyp7ub-e4RD00NY6Kl0yj17-CosAymTLlaEpe-R-LKfF87UAn-Kq91Q1PvFAYfB36qo9up-UK-r26wS-NxkxCseVIbUYl5ykxg6e0uLFTUV7tcff → 200 (13ms, 398401B)
[2026-03-31T10:22:15.518Z] GET https://lh3.googleusercontent.com/aida-public/AB6AXuB4ySEZ67G3z1GYKZi8i9Mj3DxVtquGkOCaRdx2KEVLNXd_gnKz9Sm4s0WtX6Xg78WyvP5ecfMzTZzTEAJTws00EZRjxEovmJIvKzrfRdPhFGTC2WX3uoMtu-T8BBzuXyusa1VMQMtGbjngvR133ufdevKfPeA4JWwFgYnuIgKrV0U4KgIMT1EYkv6HMxuf_IT8juy_WYyJHF7O2i8eCGIRh_DqSIF5B7Am_znsfltUdc1KnTDKmqYY1cz0vSlz51d90QAjWoY2M7Wx → 200 (46ms, 327463B)
[2026-03-31T10:22:15.522Z] GET https://fonts.gstatic.com/s/roboto/v51/KFO7CnqEu92Fr1ME7kSn66aGLdTylUAMa3yUBHMdazQ.woff2 → 200 (27ms, 37520B)
[2026-03-31T10:22:15.660Z] GET http://localhost:8080/walk-in.html → 200 (1ms, 14707B)
[2026-03-31T10:22:15.663Z] GET https://cdn.tailwindcss.com/?plugins=forms,container-queries → 200 (?ms, 418973B)
[2026-03-31T10:22:15.663Z] GET https://fonts.googleapis.com/css2?family=Frank+Ruhl+Libre:wght@700&family=Figtree:wght@400;500;600;700&family=Roboto:wght@400;500&family=Inter:wght@400;500&family=Newsreader:opsz,wght@6..72,400;700&family=Manrope:wght@400;500;600&display=swap → pending (?ms, ?B)
[2026-03-31T10:22:15.663Z] GET https://fonts.googleapis.com/css2?family=Material+Symbols+Outlined:wght,FILL@100..700,0..1&display=swap → 200 (?ms, 693B)
[2026-03-31T10:22:15.663Z] GET https://lh3.googleusercontent.com/aida-public/AB6AXuCHkO28ijieTqzr5jZyc_Tgbejfk-vSeRem7WBxGhAmc0LAwsyMSm2NpMbIHzZIUEt196FVmad3yYORt1WppKsvESrp8kYgV2TuZ5Ssi08RWm_8bUEuIXpXBEPC83XswP-VSX7X1puZwNiBzgtYi2XX_TpE-kropbAoEAuWhLBAbQpcTC--m845-T7Xwf7SRqpngyYXNVJxWZzkaT6a5xIyBYqAvy5Ha0GNREO3GLR5-tmHY_Swa6s7V1AI3OPzZtdPRpqtUsDrMOfK → 200 (62ms, 345281B)
[2026-03-31T10:22:15.707Z] GET https://fonts.gstatic.com/s/materialsymbolsoutlined/v322/kJEPBvYX7BgnkSrUwT8OhrdQw4oELdPIeeII9v6oDMzBwG-RpA6RzaxHMPdY40KH8nGzv3fzfVJO1USv9ls.woff2 → 200 (1ms, ?B)
